Fold 0
Model 0 best validation rmse = 0.404335 on epoch 17
Model 0 test rmse = 0.403154
Ensemble test rmse = 0.403154
Fold 1
Model 0 best validation rmse = 0.403447 on epoch 10
Model 0 test rmse = 0.404502
Ensemble test rmse = 0.404502
Fold 2
Model 0 best validation rmse = 0.412850 on epoch 11
Model 0 test rmse = 0.407935
Ensemble test rmse = 0.407935
Fold 3
Model 0 best validation rmse = 0.404637 on epoch 18
Model 0 test rmse = 0.412506
Ensemble test rmse = 0.412506
Fold 4
Model 0 best validation rmse = 0.410189 on epoch 16
Model 0 test rmse = 0.400331
Ensemble test rmse = 0.400331
Fold 5
Model 0 best validation rmse = 0.415034 on epoch 12
Model 0 test rmse = 0.409049
Ensemble test rmse = 0.409049
Fold 6
Model 0 best validation rmse = 0.399705 on epoch 15
Model 0 test rmse = 0.412689
Ensemble test rmse = 0.412689
Fold 7
Model 0 best validation rmse = 0.405445 on epoch 12
Model 0 test rmse = 0.404487
Ensemble test rmse = 0.404487
Fold 8
Model 0 best validation rmse = 0.407110 on epoch 15
Model 0 test rmse = 0.402469
Ensemble test rmse = 0.402469
Fold 9
Model 0 best validation rmse = 0.401073 on epoch 16
Model 0 test rmse = 0.407609
Ensemble test rmse = 0.407609
10-fold cross validation
	Seed 0 ==> test rmse = 0.403154
	Seed 1 ==> test rmse = 0.404502
	Seed 2 ==> test rmse = 0.407935
	Seed 3 ==> test rmse = 0.412506
	Seed 4 ==> test rmse = 0.400331
	Seed 5 ==> test rmse = 0.409049
	Seed 6 ==> test rmse = 0.412689
	Seed 7 ==> test rmse = 0.404487
	Seed 8 ==> test rmse = 0.402469
	Seed 9 ==> test rmse = 0.407609
Overall test rmse = 0.406473 +/- 0.003971
Elapsed time = 1 day, 13:15:25
